<?xml version="1.0" encoding="UTF-8"?>
<!-- Generated by org.testng.reporters.JUnitReportReporter -->
<testsuite hostname="LAPTOP-QO0QQD2M" failures="0" tests="1" name="selenium.project.Project1.Test1" time="0.011" errors="0" timestamp="2024-09-17T22:35:13 IST" skipped="0">
  <testcase classname="selenium.project.Project1.Test1" name="test1" time="0.011"/>
  <system-out/>
</testsuite> <!-- selenium.project.Project1.Test1 -->
