<?xml version="1.0" encoding="UTF-8"?>
<!-- Generated by org.testng.reporters.JUnitReportReporter -->
<testsuite hostname="LAPTOP-QO0QQD2M" failures="0" tests="1" name="selenium.project.Project1.TestCase3" time="10.708" errors="0" timestamp="2024-09-21T18:14:26 IST" skipped="0">
  <testcase classname="selenium.project.Project1.TestCase3" name="invalid_login" time="10.708"/>
  <system-out/>
</testsuite> <!-- selenium.project.Project1.TestCase3 -->
