<?xml version="1.0" encoding="UTF-8"?>
<!-- Generated by org.testng.reporters.JUnitReportReporter -->
<testsuite hostname="LAPTOP-QO0QQD2M" failures="0" tests="1" name="selenium.project.Project1.TestCase2" time="35.282" errors="0" timestamp="2024-09-20T17:09:01 IST" skipped="0">
  <testcase classname="selenium.project.Project1.TestCase2" name="valid_login" time="35.282"/>
</testsuite> <!-- selenium.project.Project1.TestCase2 -->
