<?xml version="1.0" encoding="UTF-8"?>
<!-- Generated by org.testng.reporters.JUnitReportReporter -->
<testsuite hostname="LAPTOP-QO0QQD2M" failures="0" tests="2" name="selenium.project.Project1.Test1" time="0.017" errors="0" timestamp="2024-09-20T19:35:00 IST" skipped="0">
  <testcase classname="selenium.project.Project1.Test1" name="test1" time="0.015"/>
  <testcase classname="selenium.project.Project1.Test1" name="test2" time="0.002"/>
</testsuite> <!-- selenium.project.Project1.Test1 -->
