<?xml version="1.0" encoding="UTF-8"?>
<!-- Generated by org.testng.reporters.JUnitReportReporter -->
<testsuite hostname="LAPTOP-QO0QQD2M" failures="0" tests="1" name="selenium.project.Project1.TestCase1" time="26.415" errors="0" timestamp="2024-09-20T17:09:02 IST" skipped="0">
  <testcase classname="selenium.project.Project1.TestCase1" name="registration" time="26.415"/>
</testsuite> <!-- selenium.project.Project1.TestCase1 -->
